2025-01-10 17:32:16,376 - INFO - Граф ініціалізовано з 10 вершинами та 13 ребрами
2025-01-10 17:32:16,376 - INFO - Початок аналізу сіткового графіка
2025-01-10 17:32:16,376 - INFO - Пошук всіх можливих шляхів від вершини 0 до 9
2025-01-10 17:32:16,377 - INFO - Знайдено шлях L1: 0 -> 1 -> 2 -> 3 -> 6 -> 7 -> 8 -> 9
2025-01-10 17:32:16,377 - INFO - Тривалість шляху L1: 245.22 тижнів
2025-01-10 17:32:16,377 - INFO - Знайдено шлях L2: 0 -> 1 -> 2 -> 3 -> 6 -> 7 -> 9
2025-01-10 17:32:16,377 - INFO - Тривалість шляху L2: 211.1 тижнів
2025-01-10 17:32:16,377 - INFO - Знайдено шлях L3: 0 -> 1 -> 2 -> 4 -> 6 -> 7 -> 8 -> 9
2025-01-10 17:32:16,377 - INFO - Тривалість шляху L3: 245.22 тижнів
2025-01-10 17:32:16,377 - INFO - Знайдено шлях L4: 0 -> 1 -> 2 -> 4 -> 6 -> 7 -> 9
2025-01-10 17:32:16,377 - INFO - Тривалість шляху L4: 211.1 тижнів
2025-01-10 17:32:16,377 - INFO - Знайдено шлях L5: 0 -> 1 -> 2 -> 5 -> 6 -> 7 -> 8 -> 9
2025-01-10 17:32:16,377 - INFO - Тривалість шляху L5: 260.14 тижнів
2025-01-10 17:32:16,377 - INFO - Знайдено шлях L6: 0 -> 1 -> 2 -> 5 -> 6 -> 7 -> 9
2025-01-10 17:32:16,377 - INFO - Тривалість шляху L6: 226.02 тижнів
2025-01-10 17:32:16,378 - INFO - Знайдено шлях L7: 0 -> 1 -> 7 -> 8 -> 9
2025-01-10 17:32:16,378 - INFO - Тривалість шляху L7: 130.07 тижнів
2025-01-10 17:32:16,378 - INFO - Знайдено шлях L8: 0 -> 1 -> 7 -> 9
2025-01-10 17:32:16,378 - INFO - Тривалість шляху L8: 95.95 тижнів
2025-01-10 17:32:16,378 - INFO - Критичний шлях L5: 0 -> 1 -> 2 -> 5 -> 6 -> 7 -> 8 -> 9
2025-01-10 17:32:16,378 - INFO - Тривалість критичного шляху: 260 тижнів
2025-01-10 17:32:16,378 - INFO - Розрахунок найраніших термінів завершення подій
2025-01-10 17:32:16,378 - INFO - Тр0 = 0
2025-01-10 17:32:16,378 - INFO - Тр1 = 31.98
2025-01-10 17:32:16,378 - INFO - Тр2 = 66.1
2025-01-10 17:32:16,378 - INFO - Тр3 = 104.47999999999999
2025-01-10 17:32:16,378 - INFO - Тр4 = 104.47999999999999
2025-01-10 17:32:16,378 - INFO - Тр5 = 117.27
2025-01-10 17:32:16,378 - INFO - Тр6 = 162.05
2025-01-10 17:32:16,378 - INFO - Тр7 = 200.43
2025-01-10 17:32:16,378 - INFO - Тр8 = 234.55
2025-01-10 17:32:16,378 - INFO - Тр9 = 260.14
2025-01-10 17:32:16,378 - INFO - Розрахунок найпізніших термінів завершення подій
2025-01-10 17:32:16,378 - INFO - Тп9 = 260.14
2025-01-10 17:32:16,379 - INFO - Тп8 = 234.54999999999998
2025-01-10 17:32:16,379 - INFO - Тп7 = 200.42999999999998
2025-01-10 17:32:16,379 - INFO - Тп6 = 162.04999999999998
2025-01-10 17:32:16,379 - INFO - Тп5 = 117.26999999999998
2025-01-10 17:32:16,379 - INFO - Тп4 = 119.39999999999998
2025-01-10 17:32:16,379 - INFO - Тп3 = 119.39999999999998
2025-01-10 17:32:16,379 - INFO - Тп2 = 66.09999999999998
2025-01-10 17:32:16,379 - INFO - Тп1 = 31.979999999999983
2025-01-10 17:32:16,379 - INFO - Тп0 = -1.7763568394002505e-14
2025-01-10 17:32:16,379 - INFO - Розрахунок часових резервів подій
2025-01-10 17:32:16,379 - INFO - R0 = Тп0 - Тр0 = -1.7763568394002505e-14 - 0 = -1.7763568394002505e-14
2025-01-10 17:32:16,379 - INFO - R1 = Тп1 - Тр1 = 31.979999999999983 - 31.98 = -1.7763568394002505e-14
2025-01-10 17:32:16,379 - INFO - R2 = Тп2 - Тр2 = 66.09999999999998 - 66.1 = -1.4210854715202004e-14
2025-01-10 17:32:16,379 - INFO - R7 = Тп7 - Тр7 = 200.42999999999998 - 200.43 = -2.842170943040401e-14
2025-01-10 17:32:16,379 - INFO - R3 = Тп3 - Тр3 = 119.39999999999998 - 104.47999999999999 = 14.919999999999987
2025-01-10 17:32:16,379 - INFO - R4 = Тп4 - Тр4 = 119.39999999999998 - 104.47999999999999 = 14.919999999999987
2025-01-10 17:32:16,380 - INFO - R5 = Тп5 - Тр5 = 117.26999999999998 - 117.27 = -1.4210854715202004e-14
2025-01-10 17:32:16,380 - INFO - R6 = Тп6 - Тр6 = 162.04999999999998 - 162.05 = -2.842170943040401e-14
2025-01-10 17:32:16,380 - INFO - R8 = Тп8 - Тр8 = 234.54999999999998 - 234.55 = -2.842170943040401e-14
2025-01-10 17:32:16,380 - INFO - R9 = Тп9 - Тр9 = 260.14 - 260.14 = 0.0
2025-01-10 17:32:16,380 - INFO - Розрахунок параметрів робіт
2025-01-10 17:32:16,380 - INFO - 
Робота (0,1):
2025-01-10 17:32:16,380 - INFO - Тривалість: 31.98
2025-01-10 17:32:16,380 - INFO - Найраніший початок: 0
2025-01-10 17:32:16,380 - INFO - Найраніше завершення: 31.98
2025-01-10 17:32:16,380 - INFO - Найпізніший початок: -1.7763568394002505e-14
2025-01-10 17:32:16,381 - INFO - Найпізніше завершення: 31.979999999999983
2025-01-10 17:32:16,381 - INFO - Повний резерв: -1.7763568394002505e-14
2025-01-10 17:32:16,381 - INFO - Частковий резерв 1-го типу: -1.7763568394002505e-14
2025-01-10 17:32:16,381 - INFO - Частковий резерв 2-го типу: 0.0
2025-01-10 17:32:16,381 - INFO - 
Робота (1,2):
2025-01-10 17:32:16,381 - INFO - Тривалість: 34.12
2025-01-10 17:32:16,381 - INFO - Найраніший початок: 31.98
2025-01-10 17:32:16,381 - INFO - Найраніше завершення: 66.1
2025-01-10 17:32:16,381 - INFO - Найпізніший початок: 31.979999999999983
2025-01-10 17:32:16,381 - INFO - Найпізніше завершення: 66.09999999999998
2025-01-10 17:32:16,381 - INFO - Повний резерв: -2.1316282072803006e-14
2025-01-10 17:32:16,381 - INFO - Частковий резерв 1-го типу: -2.1316282072803006e-14
2025-01-10 17:32:16,381 - INFO - Частковий резерв 2-го типу: -7.105427357601002e-15
2025-01-10 17:32:16,381 - INFO - 
Робота (1,7):
2025-01-10 17:32:16,381 - INFO - Тривалість: 38.38
2025-01-10 17:32:16,381 - INFO - Найраніший початок: 31.98
2025-01-10 17:32:16,381 - INFO - Найраніше завершення: 70.36
2025-01-10 17:32:16,381 - INFO - Найпізніший початок: 162.04999999999998
2025-01-10 17:32:16,381 - INFO - Найпізніше завершення: 200.42999999999998
2025-01-10 17:32:16,381 - INFO - Повний резерв: 130.07
2025-01-10 17:32:16,381 - INFO - Частковий резерв 1-го типу: 130.07
2025-01-10 17:32:16,381 - INFO - Частковий резерв 2-го типу: 130.07000000000002
2025-01-10 17:32:16,381 - INFO - 
Робота (2,3):
2025-01-10 17:32:16,381 - INFO - Тривалість: 38.38
2025-01-10 17:32:16,381 - INFO - Найраніший початок: 66.1
2025-01-10 17:32:16,382 - INFO - Найраніше завершення: 104.47999999999999
2025-01-10 17:32:16,382 - INFO - Найпізніший початок: 81.01999999999998
2025-01-10 17:32:16,382 - INFO - Найпізніше завершення: 119.39999999999998
2025-01-10 17:32:16,382 - INFO - Повний резерв: 14.91999999999998
2025-01-10 17:32:16,382 - INFO - Частковий резерв 1-го типу: 14.91999999999998
2025-01-10 17:32:16,382 - INFO - Частковий резерв 2-го типу: -7.105427357601002e-15
2025-01-10 17:32:16,382 - INFO - 
Робота (2,4):
2025-01-10 17:32:16,382 - INFO - Тривалість: 38.38
2025-01-10 17:32:16,382 - INFO - Найраніший початок: 66.1
2025-01-10 17:32:16,382 - INFO - Найраніше завершення: 104.47999999999999
2025-01-10 17:32:16,382 - INFO - Найпізніший початок: 81.01999999999998
2025-01-10 17:32:16,382 - INFO - Найпізніше завершення: 119.39999999999998
2025-01-10 17:32:16,382 - INFO - Повний резерв: 14.91999999999998
2025-01-10 17:32:16,382 - INFO - Частковий резерв 1-го типу: 14.91999999999998
2025-01-10 17:32:16,382 - INFO - Частковий резерв 2-го типу: -7.105427357601002e-15
2025-01-10 17:32:16,382 - INFO - 
Робота (2,5):
2025-01-10 17:32:16,382 - INFO - Тривалість: 51.17
2025-01-10 17:32:16,382 - INFO - Найраніший початок: 66.1
2025-01-10 17:32:16,382 - INFO - Найраніше завершення: 117.27
2025-01-10 17:32:16,382 - INFO - Найпізніший початок: 66.09999999999998
2025-01-10 17:32:16,382 - INFO - Найпізніше завершення: 117.26999999999998
2025-01-10 17:32:16,382 - INFO - Повний резерв: -1.4210854715202004e-14
2025-01-10 17:32:16,382 - INFO - Частковий резерв 1-го типу: -1.4210854715202004e-14
2025-01-10 17:32:16,382 - INFO - Частковий резерв 2-го типу: 0.0
2025-01-10 17:32:16,382 - INFO - 
Робота (7,8):
2025-01-10 17:32:16,382 - INFO - Тривалість: 34.12
2025-01-10 17:32:16,382 - INFO - Найраніший початок: 200.43
2025-01-10 17:32:16,382 - INFO - Найраніше завершення: 234.55
2025-01-10 17:32:16,382 - INFO - Найпізніший початок: 200.42999999999998
2025-01-10 17:32:16,382 - INFO - Найпізніше завершення: 234.54999999999998
2025-01-10 17:32:16,382 - INFO - Повний резерв: -2.1316282072803006e-14
2025-01-10 17:32:16,382 - INFO - Частковий резерв 1-го типу: -2.1316282072803006e-14
2025-01-10 17:32:16,382 - INFO - Частковий резерв 2-го типу: 7.105427357601002e-15
2025-01-10 17:32:16,382 - INFO - 
Робота (7,9):
2025-01-10 17:32:16,383 - INFO - Тривалість: 25.59
2025-01-10 17:32:16,383 - INFO - Найраніший початок: 200.43
2025-01-10 17:32:16,383 - INFO - Найраніше завершення: 226.02
2025-01-10 17:32:16,383 - INFO - Найпізніший початок: 234.54999999999998
2025-01-10 17:32:16,383 - INFO - Найпізніше завершення: 260.14
2025-01-10 17:32:16,383 - INFO - Повний резерв: 34.119999999999976
2025-01-10 17:32:16,383 - INFO - Частковий резерв 1-го типу: 34.119999999999976
2025-01-10 17:32:16,383 - INFO - Частковий резерв 2-го типу: 34.119999999999976
2025-01-10 17:32:16,383 - INFO - 
Робота (3,6):
2025-01-10 17:32:16,383 - INFO - Тривалість: 42.65
2025-01-10 17:32:16,383 - INFO - Найраніший початок: 104.47999999999999
2025-01-10 17:32:16,383 - INFO - Найраніше завершення: 147.13
2025-01-10 17:32:16,383 - INFO - Найпізніший початок: 119.39999999999998
2025-01-10 17:32:16,383 - INFO - Найпізніше завершення: 162.04999999999998
2025-01-10 17:32:16,383 - INFO - Повний резерв: 14.919999999999995
2025-01-10 17:32:16,383 - INFO - Частковий резерв 1-го типу: 14.919999999999995
2025-01-10 17:32:16,383 - INFO - Частковий резерв 2-го типу: 14.920000000000023
2025-01-10 17:32:16,383 - INFO - 
Робота (4,6):
2025-01-10 17:32:16,383 - INFO - Тривалість: 42.65
2025-01-10 17:32:16,383 - INFO - Найраніший початок: 104.47999999999999
2025-01-10 17:32:16,383 - INFO - Найраніше завершення: 147.13
2025-01-10 17:32:16,383 - INFO - Найпізніший початок: 119.39999999999998
2025-01-10 17:32:16,383 - INFO - Найпізніше завершення: 162.04999999999998
2025-01-10 17:32:16,383 - INFO - Повний резерв: 14.919999999999995
2025-01-10 17:32:16,383 - INFO - Частковий резерв 1-го типу: 14.919999999999995
2025-01-10 17:32:16,383 - INFO - Частковий резерв 2-го типу: 14.920000000000023
2025-01-10 17:32:16,383 - INFO - 
Робота (5,6):
2025-01-10 17:32:16,383 - INFO - Тривалість: 44.78
2025-01-10 17:32:16,383 - INFO - Найраніший початок: 117.27
2025-01-10 17:32:16,383 - INFO - Найраніше завершення: 162.05
2025-01-10 17:32:16,383 - INFO - Найпізніший початок: 117.26999999999998
2025-01-10 17:32:16,383 - INFO - Найпізніше завершення: 162.04999999999998
2025-01-10 17:32:16,383 - INFO - Повний резерв: -1.4210854715202004e-14
2025-01-10 17:32:16,383 - INFO - Частковий резерв 1-го типу: -1.4210854715202004e-14
2025-01-10 17:32:16,383 - INFO - Частковий резерв 2-го типу: 1.4210854715202004e-14
2025-01-10 17:32:16,384 - INFO - 
Робота (6,7):
2025-01-10 17:32:16,384 - INFO - Тривалість: 38.38
2025-01-10 17:32:16,384 - INFO - Найраніший початок: 162.05
2025-01-10 17:32:16,384 - INFO - Найраніше завершення: 200.43
2025-01-10 17:32:16,384 - INFO - Найпізніший початок: 162.04999999999998
2025-01-10 17:32:16,384 - INFO - Найпізніше завершення: 200.42999999999998
2025-01-10 17:32:16,384 - INFO - Повний резерв: -3.552713678800501e-14
2025-01-10 17:32:16,384 - INFO - Частковий резерв 1-го типу: -3.552713678800501e-14
2025-01-10 17:32:16,384 - INFO - Частковий резерв 2-го типу: -7.105427357601002e-15
2025-01-10 17:32:16,384 - INFO - 
Робота (8,9):
2025-01-10 17:32:16,384 - INFO - Тривалість: 25.59
2025-01-10 17:32:16,384 - INFO - Найраніший початок: 234.55
2025-01-10 17:32:16,384 - INFO - Найраніше завершення: 260.14
2025-01-10 17:32:16,384 - INFO - Найпізніший початок: 234.54999999999998
2025-01-10 17:32:16,384 - INFO - Найпізніше завершення: 260.14
2025-01-10 17:32:16,384 - INFO - Повний резерв: -2.4868995751603507e-14
2025-01-10 17:32:16,384 - INFO - Частковий резерв 1-го типу: -2.4868995751603507e-14
2025-01-10 17:32:16,384 - INFO - Частковий резерв 2-го типу: -2.4868995751603507e-14
2025-01-10 17:32:16,384 - INFO - Розрахунок коефіцієнтів напруженості робіт
2025-01-10 17:32:16,384 - INFO - Кн(0,1) = 1.0 (критичний шлях)
2025-01-10 17:32:16,384 - INFO - Кн(1,2) = 1.0 (критичний шлях)
2025-01-10 17:32:16,384 - INFO - Кн(1,7) = 0.351 (t[Lmax]=130.07, t1[Lкр]=59.709999999999994, t[Lкр]=260.14)
2025-01-10 17:32:16,385 - INFO - Кн(2,3) = 0.9079 (t[Lmax]=245.22, t1[Lкр]=98.09, t[Lкр]=260.14)
2025-01-10 17:32:16,385 - INFO - Кн(2,4) = 0.9079 (t[Lmax]=245.22, t1[Lкр]=98.09, t[Lкр]=260.14)
2025-01-10 17:32:16,385 - INFO - Кн(2,5) = 1.0 (критичний шлях)
2025-01-10 17:32:16,385 - INFO - Кн(7,8) = 1.0 (критичний шлях)
2025-01-10 17:32:16,385 - INFO - Кн(7,9) = 0.4286 (t[Lmax]=226.02, t1[Lкр]=200.43, t[Lкр]=260.14)
2025-01-10 17:32:16,385 - INFO - Кн(3,6) = 0.9079 (t[Lmax]=245.22, t1[Lкр]=98.09, t[Lкр]=260.14)
2025-01-10 17:32:16,385 - INFO - Кн(4,6) = 0.9079 (t[Lmax]=245.22, t1[Lкр]=98.09, t[Lкр]=260.14)
2025-01-10 17:32:16,385 - INFO - Кн(5,6) = 1.0 (критичний шлях)
2025-01-10 17:32:16,385 - INFO - Кн(6,7) = 1.0 (критичний шлях)
2025-01-10 17:32:16,385 - INFO - Кн(8,9) = 1.0 (критичний шлях)
2025-01-10 17:32:16,385 - INFO - Експорт результатів у файл network_analysis_results.xlsx
2025-01-10 17:32:16,406 - INFO - Результати успішно експортовано у файл network_analysis_results.xlsx
2025-01-10 17:32:16,406 - INFO - Експорт результатів у файл network_analysis_results.csv
2025-01-10 17:32:16,406 - INFO - Результати успішно експортовано у файл network_analysis_results.csv
